<?xml version="1.0" encoding="UTF-8"?>
<Site BuildName="(empty)"
	BuildStamp="20240309-0949-Experimental"
	Name="(empty)"
	Generator="ctest-3.22.1"
	CompilerName=""
	CompilerVersion=""
	OSName="Linux"
	Hostname="Ubuntu"
	OSRelease="5.15.90.1-microsoft-standard-WSL2+"
	OSVersion="#3 SMP Wed Nov 8 14:38:00 EET 2023"
	OSPlatform="x86_64"
	Is64Bits="1"
	VendorString="GenuineIntel"
	VendorID="Intel Corporation"
	FamilyID="6"
	ModelID="140"
	ProcessorCacheSize="12288"
	NumberOfLogicalCPU="8"
	NumberOfPhysicalCPU="4"
	TotalVirtualMemory="0"
	TotalPhysicalMemory="7815"
	LogicalProcessorsPerPhysical="2"
	ProcessorClockFrequency="1804.8"
	>
	<Testing>
		<StartDateTime>Mar 09 13:59 EET</StartDateTime>
		<StartTestTime>1709985562</StartTestTime>
		<TestList/>
		<EndDateTime>Mar 09 13:59 EET</EndDateTime>
		<EndTestTime>1709985562</EndTestTime>
		<ElapsedMinutes>0</ElapsedMinutes>
	</Testing>
</Site>
